<?xml version="1.0" encoding="UTF-8"?>
<!-- Generated by org.testng.reporters.JUnitReportReporter -->
<testsuite hostname="LAPTOP-EN4EA8VS" failures="0" tests="1" name="testscripts.FirstTest" time="90.467" errors="0" timestamp="2023-02-20T08:56:25 IST" skipped="0">
  <testcase classname="testscripts.FirstTest" name="firstTest" time="90.467"/>
  <system-out/>
</testsuite> <!-- testscripts.FirstTest -->
