<?xml version="1.0" encoding="UTF-8"?>
<!-- Generated by org.testng.reporters.JUnitReportReporter -->
<testsuite hostname="LAPTOP-EN4EA8VS" failures="0" tests="1" name="testscripts.SecondTest" time="20.819" errors="0" timestamp="2023-02-18T09:40:48 IST" skipped="0">
  <testcase classname="testscripts.SecondTest" name="SecondTest" time="20.819"/>
  <system-out/>
</testsuite> <!-- testscripts.SecondTest -->
