<?xml version="1.0" encoding="UTF-8"?>
<!-- Generated by org.testng.reporters.JUnitReportReporter -->
<testsuite hostname="LAPTOP-EN4EA8VS" failures="0" tests="1" name="testscripts.SecondTest" time="31.600" errors="0" timestamp="2023-02-22T08:50:56 IST" skipped="0">
  <testcase classname="testscripts.SecondTest" name="SecondTest" time="31.600"/>
  <system-out/>
</testsuite> <!-- testscripts.SecondTest -->
